  Lane.cpp
C:\Users\heeee\source\repos\C++ 3\Frogger\Source\Lane.cpp(81,17): warning C4244: 'initializing': conversion from 'int' to 'float', possible loss of data
C:\Users\heeee\source\repos\C++ 3\Frogger\Source\Lane.cpp(82,8): warning C4244: 'initializing': conversion from 'const T' to 'int', possible loss of data
          with
          [
              T=float
          ]
C:\Users\heeee\source\repos\C++ 3\Frogger\Source\Lane.cpp(96,63): warning C4244: 'argument': conversion from 'int' to 'float', possible loss of data
C:\Users\heeee\source\repos\C++ 3\Frogger\Source\Lane.cpp(96,53): warning C4244: 'argument': conversion from 'int' to 'float', possible loss of data
C:\Users\heeee\source\repos\C++ 3\Frogger\Source\Lane.cpp(105,17): warning C4244: 'initializing': conversion from 'int' to 'float', possible loss of data
C:\Users\heeee\source\repos\C++ 3\Frogger\Source\Lane.cpp(106,8): warning C4244: 'initializing': conversion from 'const T' to 'int', possible loss of data
          with
          [
              T=float
          ]
C:\Users\heeee\source\repos\C++ 3\Frogger\Source\Lane.cpp(120,63): warning C4244: 'argument': conversion from 'int' to 'float', possible loss of data
C:\Users\heeee\source\repos\C++ 3\Frogger\Source\Lane.cpp(120,53): warning C4244: 'argument': conversion from 'int' to 'float', possible loss of data
C:\Users\heeee\source\repos\C++ 3\Frogger\Source\Lane.cpp(131,38): warning C4244: 'argument': conversion from 'int' to 'float', possible loss of data
C:\Users\heeee\source\repos\C++ 3\Frogger\Source\Lane.cpp(134,18): warning C4244: 'initializing': conversion from 'int' to 'float', possible loss of data
  nero.vcxproj -> C:\Users\heeee\source\repos\C++ 3\Frogger\Source\x64\Debug\nero.exe
  C:\Users\heeee\source\repos\C++ 3\Frogger\Source\..\External\SFML\bin\openal32.dll
  C:\Users\heeee\source\repos\C++ 3\Frogger\Source\..\External\SFML\bin\sfml-audio-2.dll
  C:\Users\heeee\source\repos\C++ 3\Frogger\Source\..\External\SFML\bin\sfml-audio-d-2.dll
  C:\Users\heeee\source\repos\C++ 3\Frogger\Source\..\External\SFML\bin\sfml-graphics-2.dll
  C:\Users\heeee\source\repos\C++ 3\Frogger\Source\..\External\SFML\bin\sfml-graphics-d-2.dll
  C:\Users\heeee\source\repos\C++ 3\Frogger\Source\..\External\SFML\bin\sfml-network-2.dll
  C:\Users\heeee\source\repos\C++ 3\Frogger\Source\..\External\SFML\bin\sfml-network-d-2.dll
  C:\Users\heeee\source\repos\C++ 3\Frogger\Source\..\External\SFML\bin\sfml-system-2.dll
  C:\Users\heeee\source\repos\C++ 3\Frogger\Source\..\External\SFML\bin\sfml-system-d-2.dll
  C:\Users\heeee\source\repos\C++ 3\Frogger\Source\..\External\SFML\bin\sfml-window-2.dll
  C:\Users\heeee\source\repos\C++ 3\Frogger\Source\..\External\SFML\bin\sfml-window-d-2.dll
         11 file(s) copied.
